#
# A fatal error has been detected by the Java Runtime Environment:
#
#  Internal Error (javaClasses.cpp:129), pid=1872, tid=2996
#  fatal error: Invalid layout of preloaded class
#
# JRE version: 7.0_10-b18
# Java VM: Java HotSpot(TM) Client VM (23.6-b04 mixed mode windows-x86 )
# Failed to write core dump. Minidumps are not enabled by default on client versions of Windows
#
# If you would like to submit a bug report, please visit:
#   http://bugreport.sun.com/bugreport/crash.jsp
#

---------------  T H R E A D  ---------------

Current thread (0x00e1ac00):  JavaThread "Unknown thread" [_thread_in_vm, id=2996, stack(0x00140000,0x00190000)]

Stack: [0x00140000,0x00190000],  sp=0x0018f894,  free space=318k
Native frames: (J=compiled Java code, j=interpreted, Vv=VM code, C=native code)
V  [jvm.dll+0x16f311]
V  [jvm.dll+0x1694c6]
V  [jvm.dll+0x2082f]
V  [jvm.dll+0x208b6]
V  [jvm.dll+0x2e64d]
V  [jvm.dll+0x2e8f9]
V  [jvm.dll+0x77d01]
V  [jvm.dll+0x780bb]
V  [jvm.dll+0x129101]
V  [jvm.dll+0x149baa]
V  [jvm.dll+0xa997f]
C  [javaw.exe+0x13ca]
C  [javaw.exe+0x1e3c]
C  [javaw.exe+0xa5e3]
C  [javaw.exe+0xa66d]
C  [KERNEL32.DLL+0x28543]  BaseThreadInitThunk+0xe
C  [ntdll.dll+0x5ac69]  RtlInitializeExceptionChain+0x85
C  [ntdll.dll+0x5ac3c]  RtlInitializeExceptionChain+0x58


---------------  P R O C E S S  ---------------

Java Threads: ( => current thread )

Other Threads:

=>0x00e1ac00 (exited) JavaThread "Unknown thread" [_thread_in_vm, id=2996, stack(0x00140000,0x00190000)]

VM state:not at safepoint (not fully initialized)

VM Mutex/Monitor currently owned by a thread: None

GC Heap History (0 events):
No events

Deoptimization events (0 events):
No events

Internal exceptions (0 events):
No events

Events (10 events):
Event: 0.023 loading class 0x00cc3ed0 done
Event: 0.024 loading class 0x00ca56c8 done
Event: 0.024 loading class 0x00ca5498
Event: 0.024 loading class 0x00ccb900
Event: 0.024 loading class 0x00ccb900 done
Event: 0.024 loading class 0x00ccb858
Event: 0.024 loading class 0x00ccb858 done
Event: 0.024 loading class 0x00d0f0f0
Event: 0.024 loading class 0x00d0f0f0 done
Event: 0.025 loading class 0x00ca5498 done


Dynamic libraries:
0x012c0000 - 0x012ef000 	C:\Program Files (x86)\Java\jre7\bin\javaw.exe
0x77d10000 - 0x77e67000 	C:\Windows\SYSTEM32\ntdll.dll
0x75f90000 - 0x760c0000 	C:\Windows\SYSTEM32\KERNEL32.DLL
0x75850000 - 0x758f6000 	C:\Windows\SYSTEM32\KERNELBASE.dll
0x75370000 - 0x7541e000 	C:\Windows\SYSTEM32\ADVAPI32.dll
0x76350000 - 0x76466000 	C:\Windows\SYSTEM32\USER32.dll
0x72b60000 - 0x72d57000 	C:\Windows\WinSxS\x86_microsoft.windows.common-controls_6595b64144ccf1df_6.0.9200.16384_none_893961408605e985\COMCTL32.dll
0x75c00000 - 0x75cb1000 	C:\Windows\SYSTEM32\msvcrt.dll
0x76290000 - 0x762c4000 	C:\Windows\SYSTEM32\sechost.dll
0x75500000 - 0x755ac000 	C:\Windows\SYSTEM32\RPCRT4.dll
0x77ac0000 - 0x77bbd000 	C:\Windows\SYSTEM32\GDI32.dll
0x75350000 - 0x7536c000 	C:\Windows\SYSTEM32\SspiCli.dll
0x75340000 - 0x75349000 	C:\Windows\SYSTEM32\CRYPTBASE.dll
0x752e0000 - 0x75331000 	C:\Windows\SYSTEM32\bcryptPrimitives.dll
0x760c0000 - 0x760e0000 	C:\Windows\system32\IMM32.DLL
0x77880000 - 0x7795c000 	C:\Windows\SYSTEM32\MSCTF.dll
0x71470000 - 0x7152d000 	C:\Program Files (x86)\Java\jre7\bin\msvcr100.dll
0x72340000 - 0x7268c000 	C:\Program Files (x86)\Java\jre7\bin\client\jvm.dll
0x72d60000 - 0x72d68000 	C:\Windows\SYSTEM32\WSOCK32.dll
0x74330000 - 0x74351000 	C:\Windows\SYSTEM32\WINMM.dll
0x762e0000 - 0x762e6000 	C:\Windows\SYSTEM32\PSAPI.DLL
0x77700000 - 0x77750000 	C:\Windows\SYSTEM32\WS2_32.dll
0x74090000 - 0x740ba000 	C:\Windows\SYSTEM32\WINMMBASE.dll
0x77870000 - 0x77878000 	C:\Windows\SYSTEM32\NSI.dll
0x72ad0000 - 0x72adc000 	C:\Program Files (x86)\Java\jre7\bin\verify.dll
0x72260000 - 0x72280000 	C:\Program Files (x86)\Java\jre7\bin\java.dll
0x72240000 - 0x72253000 	C:\Program Files (x86)\Java\jre7\bin\zip.dll
0x747c0000 - 0x748e9000 	C:\Windows\SYSTEM32\dbghelp.dll

VM Arguments:
jvm_args: -Dfile.encoding=GBK -Xbootclasspath:D:\android\adt-bundle-windows-x86-20130219\sdk\platforms\android-17\android.jar 
java_command: org.jsoup.examples.HtmlToPlainText
Launcher Type: SUN_STANDARD

Environment Variables:
CLASSPATH=.;C:\Program Files (x86)\Java\jre7\lib\ext\QTJava.zip
PATH=C:/Program Files (x86)/Java/jre7/bin/client;C:/Program Files (x86)/Java/jre7/bin;C:/Program Files (x86)/Java/jre7/lib/i386;D:\app\sq\product\11.2.0\dbhome_1\bin;C:\Windows\system32;C:\Windows;C:\Windows\System32\Wbem;C:\Windows\System32\WindowsPowerShell\v1.0\;D:\Program Files\Java\jdk1.7.0_45\bin;D:\android\adt-bundle-windows-x86-20130219\sdk\platform-tools;C:\Program Files (x86)\Microsoft SQL Server\90\Tools\binn\;D:\app\sq\product\instantclient_11_2;D:\Program Files (x86)\QuickTime\QTSystem\;D:\android\adt-bundle-windows-x86-20130219\eclipse;
USERNAME=sq
OS=Windows_NT
PROCESSOR_IDENTIFIER=Intel64 Family 6 Model 42 Stepping 7, GenuineIntel



---------------  S Y S T E M  ---------------

OS: Windows 8 , 64 bit Build 9200 

CPU:total 4 (2 cores per cpu, 2 threads per core) family 6 model 42 stepping 7, cmov, cx8, fxsr, mmx, sse, sse2, sse3, ssse3, sse4.1, sse4.2, popcnt, avx, ht, tsc, tscinvbit

Memory: 4k page, physical 4106380k(2752156k free), swap 5482636k(3945036k free)

vm_info: Java HotSpot(TM) Client VM (23.6-b04) for windows-x86 JRE (1.7.0_10-b18), built on Nov 28 2012 08:34:29 by "java_re" with unknown MS VC++:1600

time: Tue Mar 04 16:45:28 2014
elapsed time: 0 seconds

